{"/Users/bri/Documents/GitHub/release-and-tag/src/create-release.ts": {"path":"/Users/bri/Documents/GitHub/release-and-tag/src/create-release.ts","statementMap":{"0":{"start":{"line":5,"column":2},"end":{"line":55,"column":null}},"1":{"start":{"line":7,"column":18},"end":{"line":7,"column":null}},"2":{"start":{"line":8,"column":10},"end":{"line":8,"column":null}},"3":{"start":{"line":11,"column":28},"end":{"line":11,"column":null}},"4":{"start":{"line":14,"column":10},"end":{"line":14,"column":null}},"5":{"start":{"line":17,"column":16},"end":{"line":17,"column":null}},"6":{"start":{"line":18,"column":10},"end":{"line":20,"column":null}},"7":{"start":{"line":21,"column":10},"end":{"line":21,"column":null}},"8":{"start":{"line":22,"column":10},"end":{"line":22,"column":null}},"9":{"start":{"line":23,"column":10},"end":{"line":24,"column":null}},"10":{"start":{"line":29,"column":34},"end":{"line":37,"column":null}},"11":{"start":{"line":42,"column":8},"end":{"line":42,"column":null}},"12":{"start":{"line":45,"column":4},"end":{"line":45,"column":null}},"13":{"start":{"line":46,"column":4},"end":{"line":46,"column":null}},"14":{"start":{"line":47,"column":4},"end":{"line":47,"column":null}},"15":{"start":{"line":48,"column":4},"end":{"line":48,"column":null}},"16":{"start":{"line":50,"column":4},"end":{"line":54,"column":null}},"17":{"start":{"line":51,"column":6},"end":{"line":51,"column":null}},"18":{"start":{"line":53,"column":6},"end":{"line":53,"column":null}}},"fnMap":{"0":{"name":"run","decl":{"start":{"line":4,"column":15},"end":{"line":4,"column":21}},"loc":{"start":{"line":4,"column":21},"end":{"line":56,"column":null}},"line":4}},"branchMap":{"0":{"loc":{"start":{"line":7,"column":18},"end":{"line":7,"column":null}},"type":"binary-expr","locations":[{"start":{"line":7,"column":18},"end":{"line":7,"column":46}},{"start":{"line":7,"column":46},"end":{"line":7,"column":null}}],"line":7},"1":{"loc":{"start":{"line":50,"column":4},"end":{"line":54,"column":null}},"type":"if","locations":[{"start":{"line":50,"column":4},"end":{"line":54,"column":null}},{"start":{"line":52,"column":11},"end":{"line":54,"column":null}}],"line":50}},"s":{"0":8,"1":8,"2":8,"3":8,"4":8,"5":8,"6":8,"7":8,"8":8,"9":8,"10":8,"11":6,"12":6,"13":6,"14":6,"15":6,"16":2,"17":1,"18":1},"f":{"0":8},"b":{"0":[8,7],"1":[1,1]},"meta":{"lastBranch":2,"lastFunction":1,"lastStatement":19,"seen":{"f:4:15:4:21":0,"s:5:2:55:Infinity":0,"s:7:18:7:Infinity":1,"b:7:18:7:46:7:46:7:Infinity":0,"s:8:10:8:Infinity":2,"s:11:28:11:Infinity":3,"s:14:10:14:Infinity":4,"s:17:16:17:Infinity":5,"s:18:10:20:Infinity":6,"s:21:10:21:Infinity":7,"s:22:10:22:Infinity":8,"s:23:10:24:Infinity":9,"s:29:34:37:Infinity":10,"s:42:8:42:Infinity":11,"s:45:4:45:Infinity":12,"s:46:4:46:Infinity":13,"s:47:4:47:Infinity":14,"s:48:4:48:Infinity":15,"b:50:4:54:Infinity:52:11:54:Infinity":1,"s:50:4:54:Infinity":16,"s:51:6:51:Infinity":17,"s:53:6:53:Infinity":18},"fnNames":{}}}
}
